=== INICIANDO MIGRACION ===
Migrando: usuarios
WARNING:  database "db_grupo12sc" has a collation version mismatch
DETAIL:  The database was created using collation version 2.39, but the operating system provides version 2.40.
HINT:  Rebuild all objects in this database that use the default collation and run ALTER DATABASE db_grupo12sc REFRESH COLLATION VERSION, or build PostgreSQL with the right library version.
  ✅ 6 registros
Migrando: unidad_medidas
  ✅ 24 registros
Migrando: categorias
  ✅ 13 registros
Migrando: proveedores
  ✅ 6 registros
Migrando: insumos
  ❌ Error: SQLSTATE[23503]: Foreign key violation: 7 ERROR:  insert or update on table "insumos" violates foreign key constraint "insumos_unidad_medida_id_fkey"
DETAIL:  Key (unidad_medida_id)=(18) is not present in table "unidad_medidas". (Connection: pgsql, SQL: insert into "insumos" ("id", "nombre", "descripcion", "stock_minimo", "imagen", "unidad_medida_id", "categoria_id", "created_at", "updated_at") values (11, bolsas mediana, marca belen, 5, ?, 18, 12, 2025-07-14 18:19:33, 2025-07-14 18:19:33))
Migrando: recetas
  ✅ 7 registros
Migrando: recetas_insumos
  ✅ 19 registros
Migrando: ventas
  ✅ 106 registros
Migrando: compras
  Tabla compras vacia
Migrando: movimiento_inventarios
  ❌ Error: SQLSTATE[23503]: Foreign key violation: 7 ERROR:  insert or update on table "movimiento_inventarios" violates foreign key constraint "movimiento_inventarios_insumo_id_fkey"
DETAIL:  Key (insumo_id)=(7) is not present in table "insumos". (Connection: pgsql, SQL: insert into "movimiento_inventarios" ("id", "cantidad", "tipo", "motivo", "insumo_id", "venta_id", "compra_id", "created_at", "updated_at") values (34, 20, salida, Venta de Pizza Margherita, 7, 107, ?, 2025-09-09 04:19:51, 2025-09-09 04:19:51))
Migrando: planes_produccion
  ❌ Error: SQLSTATE[42703]: Undefined column: 7 ERROR:  column "nombre" of relation "planes_produccion" does not exist
LINE 1: insert into "planes_produccion" ("id", "nombre", "receta_id"...
                                               ^ (Connection: pgsql, SQL: insert into "planes_produccion" ("id", "nombre", "receta_id", "cantidad", "created_at", "updated_at") values (2, menu1, 1, 2, 2025-11-03 02:31:24, 2025-11-03 02:32:13))
Migrando: reportes_personalizados
  ✅ 3 registros
Migrando: historial
  ✅ 510 registros
Migrando: roles
  ✅ 6 registros
Migrando: permissions
  Tabla permissions vacia
Migrando: model_has_roles
  ✅ 7 registros
Migrando: model_has_permissions
  Tabla model_has_permissions vacia
Migrando: role_has_permissions
  Tabla role_has_permissions vacia

🎉 MIGRACION COMPLETADA 🎉
